<?xml version="1.0" encoding="UTF-8"?>
<testng-results ignored="0" total="1" passed="1" failed="0" skipped="0">
  <reporter-output>
  </reporter-output>
  <suite started-at="2023-11-24T22:32:23 PKT" name="Default Suite" finished-at="2023-11-24T22:32:35 PKT" duration-ms="11580">
    <groups>
    </groups>
    <test started-at="2023-11-24T22:32:23 PKT" name="DeskAutomationPOM" finished-at="2023-11-24T22:32:35 PKT" duration-ms="11580">
      <class name="HomePageTest">
        <test-method is-config="true" signature="setup()[pri:0, instance:HomePageTest@2e55dd0c]" started-at="2023-11-24T22:32:23 PKT" name="setup" finished-at="2023-11-24T22:32:29 PKT" duration-ms="5755" status="PASS">
          <reporter-output>
          </reporter-output>
        </test-method> <!-- setup -->
        <test-method signature="generalSearch()[pri:1, instance:HomePageTest@2e55dd0c]" started-at="2023-11-24T22:32:29 PKT" name="generalSearch" finished-at="2023-11-24T22:32:35 PKT" duration-ms="5639" status="PASS">
          <reporter-output>
          </reporter-output>
        </test-method> <!-- generalSearch -->
        <test-method is-config="true" signature="tearDown()[pri:0, instance:HomePageTest@2e55dd0c]" started-at="2023-11-24T22:32:35 PKT" name="tearDown" finished-at="2023-11-24T22:32:35 PKT" duration-ms="132" status="PASS">
          <reporter-output>
          </reporter-output>
        </test-method> <!-- tearDown -->
      </class> <!-- HomePageTest -->
    </test> <!-- DeskAutomationPOM -->
  </suite> <!-- Default Suite -->
</testng-results>
